Performing C++ SOURCE FILE Test COMPILER_KNOWS_STDLIB failed with the following output:
Change Dir: /root/forgottenserver/build/CMakeFiles/CMakeTmp

Run Build Command:"/usr/bin/make" "cmTryCompileExec3489288847/fast"
/usr/bin/make -f CMakeFiles/cmTryCompileExec3489288847.dir/build.make CMakeFiles/cmTryCompileExec3489288847.dir/build
make[1]: Entering directory '/root/forgottenserver/build/CMakeFiles/CMakeTmp'
/usr/bin/cmake -E cmake_progress_report /root/forgottenserver/build/CMakeFiles/CMakeTmp/CMakeFiles 1
Building CXX object CMakeFiles/cmTryCompileExec3489288847.dir/src.cxx.o
/usr/bin/c++    -DCOMPILER_KNOWS_STDLIB   -stdlib=libc++ -o CMakeFiles/cmTryCompileExec3489288847.dir/src.cxx.o -c /root/forgottenserver/build/CMakeFiles/CMakeTmp/src.cxx
c++: error: unrecognized command line option '-stdlib=libc++'
CMakeFiles/cmTryCompileExec3489288847.dir/build.make:57: recipe for target 'CMakeFiles/cmTryCompileExec3489288847.dir/src.cxx.o' failed
make[1]: Leaving directory '/root/forgottenserver/build/CMakeFiles/CMakeTmp'
make[1]: *** [CMakeFiles/cmTryCompileExec3489288847.dir/src.cxx.o] Error 1
Makefile:118: recipe for target 'cmTryCompileExec3489288847/fast' failed
make: *** [cmTryCompileExec3489288847/fast] Error 2

Source file was:
int main() { return 0; }
Determining if the pthread_create exist failed with the following output:
Change Dir: /root/forgottenserver/build/CMakeFiles/CMakeTmp

Run Build Command:"/usr/bin/make" "cmTryCompileExec862971744/fast"
/usr/bin/make -f CMakeFiles/cmTryCompileExec862971744.dir/build.make CMakeFiles/cmTryCompileExec862971744.dir/build
make[1]: Entering directory '/root/forgottenserver/build/CMakeFiles/CMakeTmp'
/usr/bin/cmake -E cmake_progress_report /root/forgottenserver/build/CMakeFiles/CMakeTmp/CMakeFiles 1
Building C object CMakeFiles/cmTryCompileExec862971744.dir/CheckSymbolExists.c.o
/usr/bin/cc    -o CMakeFiles/cmTryCompileExec862971744.dir/CheckSymbolExists.c.o   -c /root/forgottenserver/build/CMakeFiles/CMakeTmp/CheckSymbolExists.c
Linking C executable cmTryCompileExec862971744
/usr/bin/cmake -E cmake_link_script CMakeFiles/cmTryCompileExec862971744.dir/link.txt --verbose=1
/usr/bin/cc       CMakeFiles/cmTryCompileExec862971744.dir/CheckSymbolExists.c.o  -o cmTryCompileExec862971744 -rdynamic 
CMakeFiles/cmTryCompileExec862971744.dir/CheckSymbolExists.c.o: In function `main':
CheckSymbolExists.c:(.text+0x16): undefined reference to `pthread_create'
collect2: error: ld returned 1 exit status
CMakeFiles/cmTryCompileExec862971744.dir/build.make:88: recipe for target 'cmTryCompileExec862971744' failed
make[1]: Leaving directory '/root/forgottenserver/build/CMakeFiles/CMakeTmp'
Makefile:118: recipe for target 'cmTryCompileExec862971744/fast' failed
make[1]: *** [cmTryCompileExec862971744] Error 1
make: *** [cmTryCompileExec862971744/fast] Error 2

File /root/forgottenserver/build/CMakeFiles/CMakeTmp/CheckSymbolExists.c:
/* */
#include <pthread.h>

int main(int argc, char** argv)
{
  (void)argv;
#ifndef pthread_create
  return ((int*)(&pthread_create))[argc];
#else
  (void)argc;
  return 0;
#endif
}

Determining if the function pthread_create exists in the pthreads failed with the following output:
Change Dir: /root/forgottenserver/build/CMakeFiles/CMakeTmp

Run Build Command:"/usr/bin/make" "cmTryCompileExec1679871100/fast"
/usr/bin/make -f CMakeFiles/cmTryCompileExec1679871100.dir/build.make CMakeFiles/cmTryCompileExec1679871100.dir/build
make[1]: Entering directory '/root/forgottenserver/build/CMakeFiles/CMakeTmp'
/usr/bin/cmake -E cmake_progress_report /root/forgottenserver/build/CMakeFiles/CMakeTmp/CMakeFiles 1
Building C object CMakeFiles/cmTryCompileExec1679871100.dir/CheckFunctionExists.c.o
/usr/bin/cc   -DCHECK_FUNCTION_EXISTS=pthread_create   -o CMakeFiles/cmTryCompileExec1679871100.dir/CheckFunctionExists.c.o   -c /usr/share/cmake-3.0/Modules/CheckFunctionExists.c
Linking C executable cmTryCompileExec1679871100
/usr/bin/cmake -E cmake_link_script CMakeFiles/cmTryCompileExec1679871100.dir/link.txt --verbose=1
/usr/bin/cc   -DCHECK_FUNCTION_EXISTS=pthread_create    CMakeFiles/cmTryCompileExec1679871100.dir/CheckFunctionExists.c.o  -o cmTryCompileExec1679871100 -rdynamic -lpthreads 
/usr/bin/ld: cannot find -lpthreads
CMakeFiles/cmTryCompileExec1679871100.dir/build.make:88: recipe for target 'cmTryCompileExec1679871100' failed
make[1]: Leaving directory '/root/forgottenserver/build/CMakeFiles/CMakeTmp'
Makefile:118: recipe for target 'cmTryCompileExec1679871100/fast' failed
collect2: error: ld returned 1 exit status
make[1]: *** [cmTryCompileExec1679871100] Error 1
make: *** [cmTryCompileExec1679871100/fast] Error 2


